{"/home/bmiller/git/range-class-js/Range.js":{"path":"/home/bmiller/git/range-class-js/Range.js","s":{"1":1,"2":8,"3":8,"4":2,"5":1,"6":6,"7":6,"8":1,"9":1,"10":5,"11":1,"12":1,"13":4,"14":1,"15":1,"16":3,"17":1,"18":1,"19":2,"20":1,"21":1,"22":1,"23":1,"24":1,"25":1,"26":1,"27":200114,"28":200114,"29":8,"30":200106,"31":1,"32":4,"33":1},"b":{"1":[2,6],"2":[1,5],"3":[6,5],"4":[1,4],"5":[1,3],"6":[1,2],"7":[1,1],"8":[8,200106],"9":[200114,200109],"10":[200106,200104,200103]},"f":{"1":8,"2":6,"3":200114,"4":4},"fnMap":{"1":{"name":"(anonymous_1)","line":43,"loc":{"start":{"line":43,"column":15},"end":{"line":43,"column":22}}},"2":{"name":"loadRange","line":161,"loc":{"start":{"line":161,"column":8},"end":{"line":161,"column":33}}},"3":{"name":"checkValidValue","line":215,"loc":{"start":{"line":215,"column":0},"end":{"line":215,"column":31}}},"4":{"name":"getTypeError","line":238,"loc":{"start":{"line":238,"column":0},"end":{"line":238,"column":41}}}},"statementMap":{"1":{"start":{"line":3,"column":0},"end":{"line":3,"column":27}},"2":{"start":{"line":44,"column":8},"end":{"line":148,"column":10}},"3":{"start":{"line":150,"column":8},"end":{"line":152,"column":9}},"4":{"start":{"line":151,"column":12},"end":{"line":151,"column":29}},"5":{"start":{"line":161,"column":8},"end":{"line":204,"column":9}},"6":{"start":{"line":162,"column":12},"end":{"line":162,"column":20}},"7":{"start":{"line":163,"column":12},"end":{"line":168,"column":13}},"8":{"start":{"line":164,"column":16},"end":{"line":166,"column":18}},"9":{"start":{"line":167,"column":16},"end":{"line":167,"column":26}},"10":{"start":{"line":170,"column":12},"end":{"line":175,"column":13}},"11":{"start":{"line":171,"column":16},"end":{"line":173,"column":18}},"12":{"start":{"line":174,"column":16},"end":{"line":174,"column":26}},"13":{"start":{"line":177,"column":12},"end":{"line":182,"column":13}},"14":{"start":{"line":178,"column":16},"end":{"line":180,"column":18}},"15":{"start":{"line":181,"column":16},"end":{"line":181,"column":26}},"16":{"start":{"line":184,"column":12},"end":{"line":189,"column":13}},"17":{"start":{"line":185,"column":16},"end":{"line":187,"column":18}},"18":{"start":{"line":188,"column":16},"end":{"line":188,"column":26}},"19":{"start":{"line":191,"column":12},"end":{"line":197,"column":13}},"20":{"start":{"line":192,"column":16},"end":{"line":195,"column":18}},"21":{"start":{"line":196,"column":16},"end":{"line":196,"column":26}},"22":{"start":{"line":199,"column":12},"end":{"line":199,"column":31}},"23":{"start":{"line":200,"column":12},"end":{"line":200,"column":31}},"24":{"start":{"line":201,"column":12},"end":{"line":201,"column":33}},"25":{"start":{"line":203,"column":12},"end":{"line":203,"column":24}},"26":{"start":{"line":215,"column":0},"end":{"line":227,"column":1}},"27":{"start":{"line":216,"column":4},"end":{"line":216,"column":12}},"28":{"start":{"line":217,"column":4},"end":{"line":219,"column":5}},"29":{"start":{"line":218,"column":8},"end":{"line":218,"column":21}},"30":{"start":{"line":220,"column":4},"end":{"line":226,"column":6}},"31":{"start":{"line":238,"column":0},"end":{"line":241,"column":1}},"32":{"start":{"line":239,"column":4},"end":{"line":240,"column":54}},"33":{"start":{"line":243,"column":0},"end":{"line":243,"column":21}}},"branchMap":{"1":{"line":150,"type":"if","locations":[{"start":{"line":150,"column":8},"end":{"line":150,"column":8}},{"start":{"line":150,"column":8},"end":{"line":150,"column":8}}]},"2":{"line":163,"type":"if","locations":[{"start":{"line":163,"column":12},"end":{"line":163,"column":12}},{"start":{"line":163,"column":12},"end":{"line":163,"column":12}}]},"3":{"line":163,"type":"binary-expr","locations":[{"start":{"line":163,"column":15},"end":{"line":163,"column":40}},{"start":{"line":163,"column":44},"end":{"line":163,"column":64}}]},"4":{"line":170,"type":"if","locations":[{"start":{"line":170,"column":12},"end":{"line":170,"column":12}},{"start":{"line":170,"column":12},"end":{"line":170,"column":12}}]},"5":{"line":177,"type":"if","locations":[{"start":{"line":177,"column":12},"end":{"line":177,"column":12}},{"start":{"line":177,"column":12},"end":{"line":177,"column":12}}]},"6":{"line":184,"type":"if","locations":[{"start":{"line":184,"column":12},"end":{"line":184,"column":12}},{"start":{"line":184,"column":12},"end":{"line":184,"column":12}}]},"7":{"line":191,"type":"if","locations":[{"start":{"line":191,"column":12},"end":{"line":191,"column":12}},{"start":{"line":191,"column":12},"end":{"line":191,"column":12}}]},"8":{"line":217,"type":"if","locations":[{"start":{"line":217,"column":4},"end":{"line":217,"column":4}},{"start":{"line":217,"column":4},"end":{"line":217,"column":4}}]},"9":{"line":217,"type":"binary-expr","locations":[{"start":{"line":217,"column":7},"end":{"line":217,"column":19}},{"start":{"line":217,"column":23},"end":{"line":217,"column":48}}]},"10":{"line":221,"type":"binary-expr","locations":[{"start":{"line":221,"column":8},"end":{"line":221,"column":23}},{"start":{"line":222,"column":11},"end":{"line":222,"column":26}},{"start":{"line":223,"column":11},"end":{"line":225,"column":58}}]}}}}