{"/home/bmiller/git/js-range/Range.js":{"path":"/home/bmiller/git/js-range/Range.js","s":{"1":1,"2":8,"3":8,"4":2,"5":1,"6":6,"7":6,"8":1,"9":1,"10":5,"11":1,"12":1,"13":4,"14":1,"15":1,"16":3,"17":1,"18":1,"19":2,"20":1,"21":1,"22":1,"23":1,"24":1,"25":1,"26":1,"27":200114,"28":200114,"29":8,"30":200106,"31":1,"32":4,"33":1},"b":{"1":[2,6],"2":[1,5],"3":[6,5],"4":[1,4],"5":[1,3],"6":[1,2],"7":[1,1],"8":[8,200106],"9":[200114,200109],"10":[200106,200104,200103]},"f":{"1":8,"2":6,"3":200114,"4":4},"fnMap":{"1":{"name":"(anonymous_1)","line":15,"loc":{"start":{"line":15,"column":15},"end":{"line":15,"column":22}}},"2":{"name":"loadRange","line":62,"loc":{"start":{"line":62,"column":8},"end":{"line":62,"column":33}}},"3":{"name":"checkValidValue","line":115,"loc":{"start":{"line":115,"column":0},"end":{"line":115,"column":31}}},"4":{"name":"getTypeError","line":137,"loc":{"start":{"line":137,"column":0},"end":{"line":137,"column":41}}}},"statementMap":{"1":{"start":{"line":3,"column":0},"end":{"line":3,"column":27}},"2":{"start":{"line":16,"column":8},"end":{"line":50,"column":10}},"3":{"start":{"line":52,"column":8},"end":{"line":54,"column":9}},"4":{"start":{"line":53,"column":12},"end":{"line":53,"column":29}},"5":{"start":{"line":62,"column":8},"end":{"line":105,"column":9}},"6":{"start":{"line":63,"column":12},"end":{"line":63,"column":20}},"7":{"start":{"line":64,"column":12},"end":{"line":69,"column":13}},"8":{"start":{"line":65,"column":16},"end":{"line":67,"column":18}},"9":{"start":{"line":68,"column":16},"end":{"line":68,"column":26}},"10":{"start":{"line":71,"column":12},"end":{"line":76,"column":13}},"11":{"start":{"line":72,"column":16},"end":{"line":74,"column":18}},"12":{"start":{"line":75,"column":16},"end":{"line":75,"column":26}},"13":{"start":{"line":78,"column":12},"end":{"line":83,"column":13}},"14":{"start":{"line":79,"column":16},"end":{"line":81,"column":18}},"15":{"start":{"line":82,"column":16},"end":{"line":82,"column":26}},"16":{"start":{"line":85,"column":12},"end":{"line":90,"column":13}},"17":{"start":{"line":86,"column":16},"end":{"line":88,"column":18}},"18":{"start":{"line":89,"column":16},"end":{"line":89,"column":26}},"19":{"start":{"line":92,"column":12},"end":{"line":98,"column":13}},"20":{"start":{"line":93,"column":16},"end":{"line":96,"column":18}},"21":{"start":{"line":97,"column":16},"end":{"line":97,"column":26}},"22":{"start":{"line":100,"column":12},"end":{"line":100,"column":31}},"23":{"start":{"line":101,"column":12},"end":{"line":101,"column":31}},"24":{"start":{"line":102,"column":12},"end":{"line":102,"column":33}},"25":{"start":{"line":104,"column":12},"end":{"line":104,"column":24}},"26":{"start":{"line":115,"column":0},"end":{"line":127,"column":1}},"27":{"start":{"line":116,"column":4},"end":{"line":116,"column":12}},"28":{"start":{"line":117,"column":4},"end":{"line":119,"column":5}},"29":{"start":{"line":118,"column":8},"end":{"line":118,"column":21}},"30":{"start":{"line":120,"column":4},"end":{"line":126,"column":6}},"31":{"start":{"line":137,"column":0},"end":{"line":140,"column":1}},"32":{"start":{"line":138,"column":4},"end":{"line":139,"column":54}},"33":{"start":{"line":142,"column":0},"end":{"line":142,"column":21}}},"branchMap":{"1":{"line":52,"type":"if","locations":[{"start":{"line":52,"column":8},"end":{"line":52,"column":8}},{"start":{"line":52,"column":8},"end":{"line":52,"column":8}}]},"2":{"line":64,"type":"if","locations":[{"start":{"line":64,"column":12},"end":{"line":64,"column":12}},{"start":{"line":64,"column":12},"end":{"line":64,"column":12}}]},"3":{"line":64,"type":"binary-expr","locations":[{"start":{"line":64,"column":15},"end":{"line":64,"column":40}},{"start":{"line":64,"column":44},"end":{"line":64,"column":64}}]},"4":{"line":71,"type":"if","locations":[{"start":{"line":71,"column":12},"end":{"line":71,"column":12}},{"start":{"line":71,"column":12},"end":{"line":71,"column":12}}]},"5":{"line":78,"type":"if","locations":[{"start":{"line":78,"column":12},"end":{"line":78,"column":12}},{"start":{"line":78,"column":12},"end":{"line":78,"column":12}}]},"6":{"line":85,"type":"if","locations":[{"start":{"line":85,"column":12},"end":{"line":85,"column":12}},{"start":{"line":85,"column":12},"end":{"line":85,"column":12}}]},"7":{"line":92,"type":"if","locations":[{"start":{"line":92,"column":12},"end":{"line":92,"column":12}},{"start":{"line":92,"column":12},"end":{"line":92,"column":12}}]},"8":{"line":117,"type":"if","locations":[{"start":{"line":117,"column":4},"end":{"line":117,"column":4}},{"start":{"line":117,"column":4},"end":{"line":117,"column":4}}]},"9":{"line":117,"type":"binary-expr","locations":[{"start":{"line":117,"column":7},"end":{"line":117,"column":19}},{"start":{"line":117,"column":23},"end":{"line":117,"column":48}}]},"10":{"line":121,"type":"binary-expr","locations":[{"start":{"line":121,"column":8},"end":{"line":121,"column":23}},{"start":{"line":122,"column":11},"end":{"line":122,"column":26}},{"start":{"line":123,"column":11},"end":{"line":125,"column":58}}]}}}}