TN:
SF:/home/bmiller/git/range-class-js/Range.js
FN:43,(anonymous_1)
FN:161,loadRange
FN:215,checkValidValue
FN:238,getTypeError
FNF:4
FNH:4
FNDA:8,(anonymous_1)
FNDA:6,loadRange
FNDA:200114,checkValidValue
FNDA:4,getTypeError
DA:3,1
DA:44,8
DA:150,8
DA:151,2
DA:161,1
DA:162,6
DA:163,6
DA:164,1
DA:167,1
DA:170,5
DA:171,1
DA:174,1
DA:177,4
DA:178,1
DA:181,1
DA:184,3
DA:185,1
DA:188,1
DA:191,2
DA:192,1
DA:196,1
DA:199,1
DA:200,1
DA:201,1
DA:203,1
DA:215,1
DA:216,200114
DA:217,200114
DA:218,8
DA:220,200106
DA:238,1
DA:239,4
DA:243,1
LF:33
LH:33
BRDA:150,1,0,2
BRDA:150,1,1,6
BRDA:163,2,0,1
BRDA:163,2,1,5
BRDA:163,3,0,6
BRDA:163,3,1,5
BRDA:170,4,0,1
BRDA:170,4,1,4
BRDA:177,5,0,1
BRDA:177,5,1,3
BRDA:184,6,0,1
BRDA:184,6,1,2
BRDA:191,7,0,1
BRDA:191,7,1,1
BRDA:217,8,0,8
BRDA:217,8,1,200106
BRDA:217,9,0,200114
BRDA:217,9,1,200109
BRDA:221,10,0,200106
BRDA:221,10,1,200104
BRDA:221,10,2,200103
BRF:21
BRH:21
end_of_record
