TN:
SF:/home/bmiller/git/js-range/Range.js
FN:15,(anonymous_1)
FN:62,loadRange
FN:115,checkValidValue
FN:137,getTypeError
FNF:4
FNH:4
FNDA:8,(anonymous_1)
FNDA:6,loadRange
FNDA:200114,checkValidValue
FNDA:4,getTypeError
DA:3,1
DA:16,8
DA:52,8
DA:53,2
DA:62,1
DA:63,6
DA:64,6
DA:65,1
DA:68,1
DA:71,5
DA:72,1
DA:75,1
DA:78,4
DA:79,1
DA:82,1
DA:85,3
DA:86,1
DA:89,1
DA:92,2
DA:93,1
DA:97,1
DA:100,1
DA:101,1
DA:102,1
DA:104,1
DA:115,1
DA:116,200114
DA:117,200114
DA:118,8
DA:120,200106
DA:137,1
DA:138,4
DA:142,1
LF:33
LH:33
BRDA:52,1,0,2
BRDA:52,1,1,6
BRDA:64,2,0,1
BRDA:64,2,1,5
BRDA:64,3,0,6
BRDA:64,3,1,5
BRDA:71,4,0,1
BRDA:71,4,1,4
BRDA:78,5,0,1
BRDA:78,5,1,3
BRDA:85,6,0,1
BRDA:85,6,1,2
BRDA:92,7,0,1
BRDA:92,7,1,1
BRDA:117,8,0,8
BRDA:117,8,1,200106
BRDA:117,9,0,200114
BRDA:117,9,1,200109
BRDA:121,10,0,200106
BRDA:121,10,1,200104
BRDA:121,10,2,200103
BRF:21
BRH:21
end_of_record
